Rasa process starting
Added 'nlp_spacy' to component cache. Key 'nlp_spacy-en'.
Rasa Core server is up and running on http://localhost:5005
Encountered an exception while running action 'action_joke'. Bot will continue, but the actions events are lost. Make sure to fix the exception in your custom code.
Rasa process starting
Added 'nlp_spacy' to component cache. Key 'nlp_spacy-en'.
Rasa Core server is up and running on http://localhost:5005
Rasa process starting
Added 'nlp_spacy' to component cache. Key 'nlp_spacy-en'.
Rasa Core server is up and running on http://localhost:5005
Rasa process starting
Added 'nlp_spacy' to component cache. Key 'nlp_spacy-en'.
Rasa Core server is up and running on http://localhost:5005
Rasa process starting
Added 'nlp_spacy' to component cache. Key 'nlp_spacy-en'.
Rasa Core server is up and running on http://localhost:5005
Tried to set non existent slot 'cuisine'. Make sure you added all your slots to your domain file.
Tried to set non existent slot 'cuisine'. Make sure you added all your slots to your domain file.
Tried to set non existent slot 'cuisine'. Make sure you added all your slots to your domain file.
Tried to set non existent slot 'cuisine'. Make sure you added all your slots to your domain file.
Tried to set non existent slot 'cuisine'. Make sure you added all your slots to your domain file.
Tried to set non existent slot 'cuisine'. Make sure you added all your slots to your domain file.
Append event called, but could not extract a valid event. Request JSON: {'query': 'hi'}
Tried to set non existent slot 'cuisine'. Make sure you added all your slots to your domain file.
Tried to set non existent slot 'cuisine'. Make sure you added all your slots to your domain file.
Tried to set non existent slot 'cuisine'. Make sure you added all your slots to your domain file.
Tried to set non existent slot 'cuisine'. Make sure you added all your slots to your domain file.
Tried to set non existent slot 'cuisine'. Make sure you added all your slots to your domain file.
Tried to set non existent slot 'cuisine'. Make sure you added all your slots to your domain file.
Tried to set non existent slot 'cuisine'. Make sure you added all your slots to your domain file.
Tried to set non existent slot 'cuisine'. Make sure you added all your slots to your domain file.
Tried to set non existent slot 'cuisine'. Make sure you added all your slots to your domain file.
Tried to set non existent slot 'cuisine'. Make sure you added all your slots to your domain file.
Tried to set non existent slot 'cuisine'. Make sure you added all your slots to your domain file.
Tried to set non existent slot 'cuisine'. Make sure you added all your slots to your domain file.
Tried to set non existent slot 'cuisine'. Make sure you added all your slots to your domain file.
Tried to set non existent slot 'cuisine'. Make sure you added all your slots to your domain file.
Tried to set non existent slot 'cuisine'. Make sure you added all your slots to your domain file.
Tried to set non existent slot 'cuisine'. Make sure you added all your slots to your domain file.
Tried to set non existent slot 'cuisine'. Make sure you added all your slots to your domain file.
Tried to set non existent slot 'cuisine'. Make sure you added all your slots to your domain file.
Tried to set non existent slot 'cuisine'. Make sure you added all your slots to your domain file.
Tried to set non existent slot 'cuisine'. Make sure you added all your slots to your domain file.
Tried to set non existent slot 'cuisine'. Make sure you added all your slots to your domain file.
Tried to set non existent slot 'cuisine'. Make sure you added all your slots to your domain file.
Tried to set non existent slot 'cuisine'. Make sure you added all your slots to your domain file.
Tried to set non existent slot 'cuisine'. Make sure you added all your slots to your domain file.
Tried to set non existent slot 'cuisine'. Make sure you added all your slots to your domain file.
Tried to set non existent slot 'cuisine'. Make sure you added all your slots to your domain file.
Tried to set non existent slot 'cuisine'. Make sure you added all your slots to your domain file.
Tried to set non existent slot 'cuisine'. Make sure you added all your slots to your domain file.
Tried to set non existent slot 'cuisine'. Make sure you added all your slots to your domain file.
Tried to set non existent slot 'cuisine'. Make sure you added all your slots to your domain file.
Tried to set non existent slot 'cuisine'. Make sure you added all your slots to your domain file.
Tried to set non existent slot 'cuisine'. Make sure you added all your slots to your domain file.
Tried to set non existent slot 'cuisine'. Make sure you added all your slots to your domain file.
Tried to set non existent slot 'cuisine'. Make sure you added all your slots to your domain file.
Tried to set non existent slot 'cuisine'. Make sure you added all your slots to your domain file.
Tried to set non existent slot 'cuisine'. Make sure you added all your slots to your domain file.
Tried to set non existent slot 'cuisine'. Make sure you added all your slots to your domain file.
Tried to set non existent slot 'cuisine'. Make sure you added all your slots to your domain file.
Tried to set non existent slot 'cuisine'. Make sure you added all your slots to your domain file.
Tried to set non existent slot 'cuisine'. Make sure you added all your slots to your domain file.
Tried to set non existent slot 'cuisine'. Make sure you added all your slots to your domain file.
Tried to set non existent slot 'cuisine'. Make sure you added all your slots to your domain file.
Failed to run custom action 'action_joke'. Action server responded with a non 200 status code of 500. Make sure your action server properly runs actions and returns a 200 once the action is executed. Error: 500 Server Error: Internal Server Error for url: http://localhost:5055/webhook
Encountered an exception while running action 'action_joke'. Bot will continue, but the actions events are lost. Make sure to fix the exception in your custom code.
Tried to set non existent slot 'cuisine'. Make sure you added all your slots to your domain file.
Tried to set non existent slot 'cuisine'. Make sure you added all your slots to your domain file.
Tried to set non existent slot 'cuisine'. Make sure you added all your slots to your domain file.
Tried to set non existent slot 'cuisine'. Make sure you added all your slots to your domain file.
Tried to set non existent slot 'cuisine'. Make sure you added all your slots to your domain file.
Tried to set non existent slot 'cuisine'. Make sure you added all your slots to your domain file.
Rasa process starting
Added 'nlp_spacy' to component cache. Key 'nlp_spacy-en'.
Rasa Core server is up and running on http://localhost:5005
Failed to run custom action 'action_joke'. Action server responded with a non 200 status code of 500. Make sure your action server properly runs actions and returns a 200 once the action is executed. Error: 500 Server Error: INTERNAL SERVER ERROR for url: http://localhost:5055/webhook
Encountered an exception while running action 'action_joke'. Bot will continue, but the actions events are lost. Make sure to fix the exception in your custom code.
Rasa process starting
Added 'nlp_spacy' to component cache. Key 'nlp_spacy-en'.
Rasa Core server is up and running on http://localhost:5005
Failed to run custom action 'action_joke'. Couldn't connect to the server at 'http://localhost:5055/webhook'. Is the server running? Error: HTTPConnectionPool(host='localhost', port=5055): Max retries exceeded with url: /webhook (Caused by NewConnectionError('<urllib3.connection.HTTPConnection object at 0x149b15748>: Failed to establish a new connection: [Errno 61] Connection refused',))
Encountered an exception while running action 'action_joke'. Bot will continue, but the actions events are lost. Make sure to fix the exception in your custom code.
Rasa process starting
Added 'nlp_spacy' to component cache. Key 'nlp_spacy-en'.
Rasa Core server is up and running on http://localhost:5005
